<?xml version="1.0" encoding="UTF-8"?>
<!-- Generated by org.testng.reporters.JUnitXMLReporter -->
<testsuite hostname="DESKTOP-CO9HBR6" ignored="0" name="testng" tests="2" failures="1" timestamp="06 Aug 2019 14:46:04 GMT" time="31.225" errors="0">
  <testcase name="runEditLead" time="0.0" classname="testngp.EditL">
    <failure type="org.testng.TestNGException" message="
Cannot inject @Test annotated Method [runEditLead] with [class java.lang.String, class java.lang.String].
For more information on native dependency injection please refer to http://testng.org/doc/documentation-main.html#native-dependency-injection">
      <![CDATA[org.testng.TestNGException: 
Cannot inject @Test annotated Method [runEditLead] with [class java.lang.String, class java.lang.String].
For more information on native dependency injection please refer to http://testng.org/doc/documentation-main.html#native-dependency-injection
... Removed 24 stack frames]]>
    </failure>
  </testcase> <!-- runEditLead -->
  <testcase name="runCreateLead" time="6.471" classname="testngp.CreateL"/>
</testsuite> <!-- testng -->
