<?xml version="1.0" encoding="UTF-8"?>
<!-- Generated by org.testng.reporters.JUnitXMLReporter -->
<testsuite hostname="DESKTOP-CO9HBR6" ignored="0" name="Test" tests="2" failures="0" timestamp="10 Aug 2019 12:19:09 GMT" time="2.389" errors="0">
  <testcase name="@BeforeMethod login" time="0.0" classname="com.leaftaps.base.ProjectSpecificMethods">
    <failure type="org.testng.TestNGException" message="
Can inject only one of &amp;lt;ITestContext, XmlTest, Method, Object[], ITestResult&amp;gt; into a @BeforeMethod annotated login.
For more information on native dependency injection please refer to http://testng.org/doc/documentation-main.html#native-dependency-injection">
      <![CDATA[org.testng.TestNGException: 
Can inject only one of <ITestContext, XmlTest, Method, Object[], ITestResult> into a @BeforeMethod annotated login.
For more information on native dependency injection please refer to http://testng.org/doc/documentation-main.html#native-dependency-injection
... Removed 25 stack frames]]>
    </failure>
  </testcase> <!-- @BeforeMethod login -->
  <testcase name="@BeforeMethod login" time="0.0" classname="com.leaftaps.base.ProjectSpecificMethods">
    <skipped/>
  </testcase> <!-- @BeforeMethod login -->
  <testcase name="runLogin" time="0.0" classname="com.leaftaps.leads.testcases.TC01">
    <skipped/>
  </testcase> <!-- runLogin -->
  <testcase name="createLe" time="0.0" classname="com.leaftaps.leads.testcases.TC02">
    <skipped/>
  </testcase> <!-- createLe -->
</testsuite> <!-- Test -->
